
2016-12-08T06:09:30-06:00 INFO (6): Allowed: 1
2016-12-08T06:09:30-06:00 INFO (6): Checking for identity
2016-12-08T06:09:30-06:00 INFO (6): Identity not found.
2016-12-08T06:09:36-06:00 INFO (6): Allowed: 1
2016-12-08T06:09:36-06:00 INFO (6): AuthenticationAction called.
2016-12-08T06:09:37-06:00 INFO (6): Username: jpalmer
2016-12-08T06:09:37-06:00 INFO (6): MyAuthStorage:50: admin
2016-12-08T06:09:37-06:00 INFO (6): Allowed: 1
2016-12-08T06:09:37-06:00 INFO (6): Retrieving salespeople.
2016-12-08T06:10:04-06:00 INFO (6): Allowed: 1
2016-12-08T06:10:04-06:00 INFO (6): Retrieving salespeople.
2016-12-08T06:10:05-06:00 DEBUG (7): Retrieved 5 salespeople.
2016-12-08T06:10:05-06:00 INFO (6): query: SELECT DISTINCT(user.email) as email, user.phone1 as phone, user.salespersonname as salesperson FROM DataAccess\FFM\Entity\User user WHERE user.salespersonname IN ('Bill Zakrinski', 'Cyndi Metallo', 'Foo Bar X', 'Iris Derfler', 'Jody Meade') ORDER BY user.username DESC
2016-12-08T06:10:09-06:00 INFO (6): Allowed: 1
2016-12-08T06:10:09-06:00 INFO (6): MyAuthStorage:50: admin
2016-12-08T06:10:09-06:00 INFO (6): Retrieving Salespeople. ID: 181
2016-12-08T06:10:11-06:00 INFO (6): Retrieved #1 customers.
2016-12-08T06:10:11-06:00 INFO (6): Found 126 users in db.
2016-12-08T06:12:43-06:00 INFO (6): Allowed: 1
2016-12-08T06:12:44-06:00 INFO (6): AjaxItemController found!
2016-12-08T06:12:44-06:00 INFO (6): /ajax/items?myaction=customerlisttableget&customerid=686&_=1481199163819
2016-12-08T06:12:44-06:00 INFO (6): ItemsController Ajax called.
2016-12-08T06:12:44-06:00 INFO (6): AjaxItemsController:192: Retrieving customerlistitems.
2016-12-08T06:12:45-06:00 INFO (6): Found 1 customers in db.
2016-12-08T06:12:45-06:00 INFO (6): Found 1 items in svc and 1 in DB.
2016-12-08T06:12:45-06:00 DEBUG (7): Retrieved 1 customerlistitems.
2016-12-08T06:12:45-06:00 INFO (6): MyAuthStorage:50: admin
2016-12-08T06:12:45-06:00 INFO (6): MyAuthStorage:50: admin
2016-12-08T06:12:45-06:00 INFO (6): No price overrides found!
2016-12-08T06:12:45-06:00 INFO (6): Found 1 removedSKUs in Session!
2016-12-08T06:13:20-06:00 INFO (6): Allowed: 1
2016-12-08T06:13:20-06:00 INFO (6): SalesFormService:51: Sanitizing...
2016-12-08T06:14:20-06:00 INFO (6): Allowed: 1
2016-12-08T06:14:21-06:00 INFO (6): AjaxItemController found!
2016-12-08T06:14:21-06:00 INFO (6): /ajax/items?myaction=customerlisttableget&customerid=686&_=1481199260854
2016-12-08T06:14:21-06:00 INFO (6): ItemsController Ajax called.
2016-12-08T06:14:21-06:00 INFO (6): AjaxItemsController:192: Retrieving customerlistitems.
2016-12-08T06:14:22-06:00 INFO (6): Found 1 customers in db.
2016-12-08T06:14:22-06:00 INFO (6): Found 1 items in svc and 1 in DB.
2016-12-08T06:14:22-06:00 DEBUG (7): Retrieved 1 customerlistitems.
2016-12-08T06:14:22-06:00 INFO (6): MyAuthStorage:50: admin
2016-12-08T06:14:22-06:00 INFO (6): MyAuthStorage:50: admin
2016-12-08T06:14:22-06:00 INFO (6): No price overrides found!
2016-12-08T06:14:22-06:00 INFO (6): Found 1 removedSKUs in Session!
2016-12-08T06:14:43-06:00 INFO (6): Allowed: 1
2016-12-08T06:14:44-06:00 INFO (6): SalesFormService:51: Sanitizing...
2016-12-08T06:16:18-06:00 INFO (6): Allowed: 1
2016-12-08T06:16:19-06:00 INFO (6): AjaxItemController found!
2016-12-08T06:16:19-06:00 INFO (6): /ajax/items?myaction=customerlisttableget&customerid=686&_=1481199378892
2016-12-08T06:16:19-06:00 INFO (6): ItemsController Ajax called.
2016-12-08T06:16:19-06:00 INFO (6): AjaxItemsController:192: Retrieving customerlistitems.
2016-12-08T06:16:20-06:00 INFO (6): Found 1 customers in db.
2016-12-08T06:16:20-06:00 INFO (6): Found 1 items in svc and 1 in DB.
2016-12-08T06:16:20-06:00 DEBUG (7): Retrieved 1 customerlistitems.
2016-12-08T06:16:20-06:00 INFO (6): MyAuthStorage:50: admin
2016-12-08T06:16:20-06:00 INFO (6): MyAuthStorage:50: admin
2016-12-08T06:16:20-06:00 INFO (6): No price overrides found!
2016-12-08T06:16:20-06:00 INFO (6): Found 1 removedSKUs in Session!
2016-12-08T06:16:41-06:00 INFO (6): Allowed: 1
2016-12-08T06:17:10-06:00 INFO (6): Allowed: 1
2016-12-08T06:17:10-06:00 INFO (6): AjaxItemController found!
2016-12-08T06:17:10-06:00 INFO (6): /ajax/items?myaction=customerlisttableget&customerid=686&_=1481199430326
2016-12-08T06:17:10-06:00 INFO (6): ItemsController Ajax called.
2016-12-08T06:17:10-06:00 INFO (6): AjaxItemsController:192: Retrieving customerlistitems.
2016-12-08T06:17:11-06:00 INFO (6): Found 1 customers in db.
2016-12-08T06:17:11-06:00 INFO (6): Found 1 items in svc and 1 in DB.
2016-12-08T06:17:11-06:00 DEBUG (7): Retrieved 1 customerlistitems.
2016-12-08T06:17:11-06:00 INFO (6): MyAuthStorage:50: admin
2016-12-08T06:17:11-06:00 INFO (6): MyAuthStorage:50: admin
2016-12-08T06:17:11-06:00 INFO (6): No price overrides found!
2016-12-08T06:17:11-06:00 INFO (6): Found 1 removedSKUs in Session!
2016-12-08T06:17:36-06:00 INFO (6): Allowed: 1
2016-12-08T06:18:20-06:00 INFO (6): Allowed: 1
2016-12-08T06:18:20-06:00 INFO (6): AjaxItemController found!
2016-12-08T06:18:20-06:00 INFO (6): /ajax/items?myaction=customerlisttableget&customerid=686&_=1481199500477
2016-12-08T06:18:20-06:00 INFO (6): ItemsController Ajax called.
2016-12-08T06:18:20-06:00 INFO (6): AjaxItemsController:192: Retrieving customerlistitems.
2016-12-08T06:18:22-06:00 INFO (6): Found 1 customers in db.
2016-12-08T06:18:22-06:00 INFO (6): Found 1 items in svc and 1 in DB.
2016-12-08T06:18:22-06:00 DEBUG (7): Retrieved 1 customerlistitems.
2016-12-08T06:18:22-06:00 INFO (6): MyAuthStorage:50: admin
2016-12-08T06:18:22-06:00 INFO (6): MyAuthStorage:50: admin
2016-12-08T06:18:22-06:00 INFO (6): No price overrides found!
2016-12-08T06:18:22-06:00 INFO (6): Found 1 removedSKUs in Session!
2016-12-08T06:18:35-06:00 INFO (6): Allowed: 1
2016-12-08T06:18:35-06:00 INFO (6): SalesFormService:51: Sanitizing...
2016-12-08T06:18:54-06:00 INFO (6): AjaxItemController found!
2016-12-08T06:18:54-06:00 INFO (6): /ajax/items?myaction=overridePrice&index=1&customerid=686&customername=Sue%20Kim&id=A2&overrideprice=999.49
2016-12-08T06:18:54-06:00 INFO (6): ItemsController Ajax called.
2016-12-08T06:18:54-06:00 INFO (6): Saving overrideprice: 999.49.
